c:\repositories\seac\gcewcompiler\seacruntime\x64\release\vc142.pdb
c:\repositories\seac\gcewcompiler\seacruntime\x64\release\virtualpagememory.obj
c:\repositories\seac\gcewcompiler\seacruntime\x64\release\utilities.obj
c:\repositories\seac\gcewcompiler\seacruntime\x64\release\staticassemblyruntime.obj
c:\repositories\seac\gcewcompiler\seacruntime\x64\release\runtimeenviroment.obj
c:\repositories\seac\gcewcompiler\seacruntime\x64\release\runtimeconfiguration.obj
c:\repositories\seac\gcewcompiler\seacruntime\x64\release\runtime.obj
c:\repositories\seac\gcewcompiler\seacruntime\x64\release\reader.obj
c:\repositories\seac\gcewcompiler\seacruntime\x64\release\main.obj
c:\repositories\seac\gcewcompiler\seacruntime\x64\release\logger.obj
c:\repositories\seac\gcewcompiler\seacruntime\x64\release\helper.obj
c:\repositories\seac\gcewcompiler\seacruntime\x64\release\externalconfiguration.obj
c:\repositories\seac\gcewcompiler\seacruntime\x64\release\external.obj
c:\repositories\seac\gcewcompiler\seacruntime\x64\release\call.obj
c:\repositories\seac\gcewcompiler\seacruntime\x64\release\bitset.obj
c:\repositories\seac\gcewcompiler\seacruntime\x64\release\assemblyruntime.obj
c:\repositories\seac\gcewcompiler\seacruntime\x64\release\appenders.obj
c:\repositories\seac\gcewcompiler\x64\seacruntime\release\seacruntime.exe
c:\repositories\seac\gcewcompiler\x64\seacruntime\release\seacruntime.pdb
c:\repositories\seac\gcewcompiler\x64\seacruntime\release\seacruntime.ipdb
c:\repositories\seac\gcewcompiler\x64\seacruntime\release\seacruntime.iobj
c:\repositories\seac\gcewcompiler\seacruntime\x64\release\vcpkg.applocal.log
c:\repositories\seac\gcewcompiler\x64\seacruntime\release\jsoncpp.dll
c:\repositories\seac\gcewcompiler\seacruntime\x64\release\seacruntime.tlog\cl.command.1.tlog
c:\repositories\seac\gcewcompiler\seacruntime\x64\release\seacruntime.tlog\cl.read.1.tlog
c:\repositories\seac\gcewcompiler\seacruntime\x64\release\seacruntime.tlog\cl.write.1.tlog
c:\repositories\seac\gcewcompiler\seacruntime\x64\release\seacruntime.tlog\link.command.1.tlog
c:\repositories\seac\gcewcompiler\seacruntime\x64\release\seacruntime.tlog\link.read.1.tlog
c:\repositories\seac\gcewcompiler\seacruntime\x64\release\seacruntime.tlog\link.write.1.tlog
c:\repositories\seac\gcewcompiler\seacruntime\x64\release\seacruntime.tlog\seacruntime.write.1u.tlog
